--------------------------------- Version Log ----------------------------------
Version                                 Path
System Generator 14.4                   C:/Xilinx/14.4/ISE_DS/ISE/sysgen
Matlab 8.5.0.197613 (R2015a)            C:/Program Files/MATLAB/R2015a
ISE                                     C:/Xilinx/14.4/ISE_DS/ISE
--------------------------------------------------------------------------------
Summary of Errors:
Error 0001: Undriven input port
     Block: 'FullDPDDesign/IM3Generator/CC1.^2/a*c1'
Error 0002: Undriven input port
     Block: 'FullDPDDesign/IM3Generator/CC1.^2/a*c2'
Error 0003: Undriven input port
     Block: 'FullDPDDesign/IM3Generator/CC1.^2/a*c3'
Error 0004: Undriven input port
     Block: 'FullDPDDesign/IM3Generator/Delay2'
Error 0005: Undriven input port
     Block: 'FullDPDDesign/IM3Generator/Delay3'
--------------------------------------------------------------------------------

Error 0001:

Reported by:
  'FullDPDDesign/IM3Generator/CC1.^2/a*c1'

Details:
The input ports on this block must be driven by other Xilinx blocks
--------------------------------------------------------------------------------

Error 0001:

Reported by:
  'FullDPDDesign/IM3Generator/CC1.^2/a*c2'

Details:
The input ports on this block must be driven by other Xilinx blocks
--------------------------------------------------------------------------------

Error 0001:

Reported by:
  'FullDPDDesign/IM3Generator/CC1.^2/a*c3'

Details:
The input ports on this block must be driven by other Xilinx blocks
--------------------------------------------------------------------------------

Error 0001:

Reported by:
  'FullDPDDesign/IM3Generator/Delay2'

Details:
The input ports on this block must be driven by other Xilinx blocks
--------------------------------------------------------------------------------

Error 0001:

Reported by:
  'FullDPDDesign/IM3Generator/Delay3'

Details:
The input ports on this block must be driven by other Xilinx blocks
--------------------------------------------------------------------------------
